2016-02-23T00:10:20+01:00 [Foo] CONSTRUCTOR
2016-02-23T00:10:20+01:00 [Foo] USERS CALLED
2016-02-23T00:23:54+01:00 [Foo] CONSTRUCTOR
2016-02-23T00:23:54+01:00 [Foo] USERS CALLED
2016-02-23T10:16:10+01:00 [Foo] CONSTRUCTOR
2016-02-23T10:16:10+01:00 [Foo] USERS CALLED
2016-02-23T14:13:04+01:00 [Foo] CONSTRUCTOR
2016-02-23T14:13:04+01:00 [Foo] USERS CALLED
2016-02-23T14:13:30+01:00 [Foo] CONSTRUCTOR
2016-02-23T14:28:09+01:00 [Foo] CONSTRUCTOR
2016-02-23T14:28:53+01:00 [Foo] CONSTRUCTOR
2016-02-23T14:38:08+01:00 [Foo] CONSTRUCTOR
2016-02-23T14:38:08+01:00 [Foo] AUTENTIFICARE INCERCATA:  
2016-02-24T10:20:41+01:00 [Foo] CONSTRUCTOR
2016-03-01T10:07:49+01:00 [Foo] CONSTRUCTOR
2016-03-01T10:07:50+01:00 [Foo] USERS CALLED
2016-03-01T10:31:51+01:00 [Foo] CONSTRUCTOR
2016-03-01T10:31:51+01:00 [Foo] USERS CALLED
2016-03-01T10:32:01+01:00 [Foo] CONSTRUCTOR
2016-03-01T10:32:01+01:00 [Foo] USERS CALLED
2016-03-01T10:33:03+01:00 [Foo] CONSTRUCTOR
2016-03-01T10:33:03+01:00 [Foo] USERS CALLED
2016-03-01T10:48:58+01:00 [Foo] CONSTRUCTOR
2016-03-01T10:48:58+01:00 [Foo] USERS CALLED
2016-03-01T10:49:33+01:00 [Foo] CONSTRUCTOR
2016-03-01T10:49:33+01:00 [Foo] USERS CALLED
2016-03-01T10:49:38+01:00 [Foo] CONSTRUCTOR
2016-03-01T10:49:38+01:00 [Foo] USERS CALLED
2016-03-01T10:52:03+01:00 [Foo] CONSTRUCTOR
2016-03-01T10:52:03+01:00 [Foo] USERS CALLED
2016-03-01T11:33:27+01:00 [Foo] CONSTRUCTOR
2016-03-01T11:33:27+01:00 [Foo] USERS CALLED
2016-03-01T11:42:01+01:00 [Foo] CONSTRUCTOR
2016-03-01T11:42:01+01:00 [Foo] USERS CALLED
2016-03-01T11:42:08+01:00 [Foo] CONSTRUCTOR
2016-03-01T11:42:08+01:00 [Foo] USERS CALLED
2016-03-01T11:47:38+01:00 [Foo] CONSTRUCTOR
2016-03-01T11:47:38+01:00 [Foo] USERS CALLED
2016-03-01T11:48:15+01:00 [Foo] CONSTRUCTOR
2016-03-01T11:48:33+01:00 [Foo] CONSTRUCTOR
2016-03-01T11:49:43+01:00 [Foo] CONSTRUCTOR
2016-03-01T11:50:29+01:00 [Foo] CONSTRUCTOR
2016-03-01T11:50:37+01:00 [Foo] CONSTRUCTOR
2016-03-01T11:52:55+01:00 [Foo] CONSTRUCTOR
2016-03-01T11:53:00+01:00 [Foo] CONSTRUCTOR
2016-03-01T11:53:09+01:00 [Foo] CONSTRUCTOR
2016-03-01T11:53:21+01:00 [Foo] CONSTRUCTOR
2016-03-01T11:58:52+01:00 [Foo] CONSTRUCTOR
2016-03-01T11:58:52+01:00 [Foo] USERS CALLED
2016-03-01T11:58:55+01:00 [Foo] CONSTRUCTOR
2016-03-01T11:59:16+01:00 [Foo] CONSTRUCTOR
2016-03-01T11:59:18+01:00 [Foo] CONSTRUCTOR
2016-03-01T11:59:22+01:00 [Foo] CONSTRUCTOR
2016-03-01T11:59:34+01:00 [Foo] CONSTRUCTOR
2016-03-01T12:00:03+01:00 [Foo] CONSTRUCTOR
2016-03-01T12:00:35+01:00 [Foo] CONSTRUCTOR
2016-03-01T12:04:05+01:00 [Foo] CONSTRUCTOR
2016-03-01T12:04:09+01:00 [Foo] CONSTRUCTOR
2016-03-01T12:04:32+01:00 [Foo] CONSTRUCTOR
2016-03-01T12:04:35+01:00 [Foo] CONSTRUCTOR
2016-03-01T12:05:00+01:00 [Foo] CONSTRUCTOR
2016-03-01T12:05:01+01:00 [Foo] START
2016-03-01T12:05:30+01:00 [Foo] CONSTRUCTOR
2016-03-01T12:05:30+01:00 [Foo] START
2016-03-01T12:05:47+01:00 [Foo] CONSTRUCTOR
2016-03-01T12:05:47+01:00 [Foo] START
2016-03-01T12:06:27+01:00 [Foo] CONSTRUCTOR
2016-03-01T12:06:27+01:00 [Foo] START
2016-03-01T12:06:49+01:00 [Foo] CONSTRUCTOR
2016-03-01T12:06:49+01:00 [Foo] START
2016-03-01T12:06:49+01:00 [Foo] <?xml version="1.0"?>
<produse><produs><nume>Pizza</nume><pret>33.23</pret><id>123</id></produs></produse>

2016-03-01T12:07:46+01:00 [Foo] CONSTRUCTOR
2016-03-01T12:07:46+01:00 [Foo] START
2016-03-01T12:07:46+01:00 [Foo] <?xml version="1.0"?>
<produse><produs><nume>Pizza</nume><pret>33.23</pret><id>123</id></produs></produse>

2016-03-01T12:24:06+01:00 [Foo] CONSTRUCTOR
2016-03-01T12:24:06+01:00 [Foo] START
2016-03-01T12:24:06+01:00 [Foo] <?xml version="1.0"?>
<produse><produs><nume>Pizza</nume><pret>33.23</pret><id>123</id></produs></produse>

2016-03-01T12:25:26+01:00 [Foo] CONSTRUCTOR
2016-03-01T12:25:26+01:00 [Foo] START
2016-03-01T12:25:26+01:00 [Foo] <?xml version="1.0"?>
<produse><produs><nume>Pizza</nume><pret>33.23</pret><id>123</id></produs></produse>

2016-03-01T12:25:55+01:00 [Foo] CONSTRUCTOR
2016-03-01T12:25:55+01:00 [Foo] START
2016-03-01T12:25:55+01:00 [Foo] <?xml version="1.0"?>
<produse><produs><nume>Pizza</nume><pret>33.23</pret><id>123</id></produs></produse>

2016-03-01T12:26:08+01:00 [Foo] CONSTRUCTOR
2016-03-01T12:26:08+01:00 [Foo] START
2016-03-01T12:26:08+01:00 [Foo] <?xml version="1.0"?>
<produse><produs><nume>Pizza</nume><pret>33.23</pret><id>123</id></produs></produse>

2016-03-01T12:26:16+01:00 [Foo] CONSTRUCTOR
2016-03-01T12:26:16+01:00 [Foo] START
2016-03-01T12:26:16+01:00 [Foo] <?xml version="1.0"?>
<produse><produs><nume>Pizza</nume><pret>33.23</pret><id>123</id></produs></produse>

2016-03-01T12:27:14+01:00 [Foo] CONSTRUCTOR
2016-03-01T12:27:14+01:00 [Foo] START
2016-03-01T12:27:14+01:00 [Foo] <?xml version="1.0"?>
<produse><produs><nume>Pizza</nume><pret>33.23</pret><id>123</id></produs></produse>

2016-03-01T12:27:43+01:00 [Foo] CONSTRUCTOR
2016-03-01T12:27:43+01:00 [Foo] START
2016-03-01T12:27:43+01:00 [Foo] <?xml version="1.0"?>
<produse><produs><nume>Pizza</nume><pret>33.23</pret><id>123</id></produs></produse>

